2019-08-01 17:48:07,995 INFO  [LoginStepDefinition] New driver instantiated 
2019-08-01 17:51:00,644 INFO  [LoginStepDefinition] New driver instantiated 
2019-08-01 17:51:09,666 INFO  [LoginStepDefinition] Click action performed on Login button of home page 
2019-08-02 10:24:16,123 INFO  [LoginStepDefinition] New driver instantiated 
2019-08-02 10:24:25,293 INFO  [LoginStepDefinition] Click action performed on Login button of home page 
2019-08-02 11:31:34,675 INFO  [LoginStepDefinition] New driver instantiated 
2019-08-02 11:31:45,544 INFO  [LoginStepDefinition] Click action performed on Login button of home page 
2019-08-02 11:57:31,418 INFO  [LoginStepDefinition] New driver instantiated 
2019-08-02 11:57:42,850 INFO  [LoginStepDefinition] Click action performed on Login button of home page 
2019-08-02 12:01:03,005 INFO  [LoginStepDefinition] New driver instantiated 
2019-08-02 12:01:13,536 INFO  [LoginStepDefinition] Click action performed on Login button of home page 
2019-08-02 12:01:57,884 INFO  [LoginStepDefinition] New driver instantiated 
2019-08-02 12:02:07,670 INFO  [LoginStepDefinition] Click action performed on Login button of home page 
2019-08-02 12:03:01,062 INFO  [LoginStepDefinition] New driver instantiated 
2019-08-02 12:03:12,224 INFO  [LoginStepDefinition] Click action performed on Login button of home page 
2019-08-02 12:07:41,450 INFO  [LoginStepDefinition] New driver instantiated 
2019-08-02 12:07:51,701 INFO  [LoginStepDefinition] Click action performed on Login button of home page 
2019-08-02 12:08:40,342 INFO  [LoginStepDefinition] New driver instantiated 
2019-08-02 12:08:50,543 INFO  [LoginStepDefinition] Click action performed on Login button of home page 
2019-08-02 12:10:03,218 INFO  [LoginStepDefinition] New driver instantiated 
2019-08-02 12:10:14,803 INFO  [LoginStepDefinition] Click action performed on Login button of home page 
2019-08-02 12:10:51,578 INFO  [LoginStepDefinition] New driver instantiated 
2019-08-02 12:11:03,654 INFO  [LoginStepDefinition] Click action performed on Login button of home page 
2019-08-02 12:13:13,560 INFO  [LoginStepDefinition] New driver instantiated 
2019-08-02 12:13:25,673 INFO  [LoginStepDefinition] Click action performed on Login button of home page 
2019-08-02 17:21:35,944 INFO  [LoginStepDefinition] New driver instantiated 
2019-08-02 17:21:42,440 INFO  [LoginStepDefinition] Click action performed on Login button of home page 
2019-08-02 17:24:09,033 INFO  [LoginStepDefinition] New driver instantiated 
2019-08-02 17:24:18,320 INFO  [LoginStepDefinition] Click action performed on Login button of home page 
2019-08-02 17:25:51,857 INFO  [LoginStepDefinition] New driver instantiated 
2019-08-02 17:26:03,296 INFO  [LoginStepDefinition] Click action performed on Login button of home page 
2019-08-08 14:15:25,281 INFO  [LoginStepDefinition] New driver instantiated 
2019-08-08 14:15:39,402 INFO  [LoginStepDefinition] Click action performed on Login button of home page 
2019-08-08 14:20:45,814 INFO  [LoginStepDefinition] New driver instantiated 
2019-08-08 14:20:58,769 INFO  [LoginStepDefinition] Click action performed on Login button of home page 
2019-08-08 14:23:00,655 INFO  [LoginStepDefinition] New driver instantiated 
2019-08-08 14:23:11,538 INFO  [LoginStepDefinition] Click action performed on Login button of home page 
2019-08-08 14:29:40,075 INFO  [LoginStepDefinition] New driver instantiated 
2019-08-08 14:29:51,279 INFO  [LoginStepDefinition] Click action performed on Login button of home page 
2019-08-08 14:31:39,642 INFO  [LoginStepDefinition] New driver instantiated 
2019-08-08 14:31:50,418 INFO  [LoginStepDefinition] Click action performed on Login button of home page 
2019-08-08 14:36:30,491 INFO  [LoginStepDefinition] New driver instantiated 
2019-08-08 14:36:42,235 INFO  [LoginStepDefinition] Click action performed on Login button of home page 
2019-08-08 14:37:05,415 INFO  [LoginStepDefinition] New driver instantiated 
2019-08-08 14:37:11,672 INFO  [LoginStepDefinition] Click action performed on Login button of home page 
2019-08-08 14:37:22,030 INFO  [LoginStepDefinition] New driver instantiated 
2019-08-08 14:38:26,875 INFO  [LoginStepDefinition] New driver instantiated 
2019-08-08 14:38:38,153 INFO  [LoginStepDefinition] Click action performed on Login button of home page 
2019-08-08 14:41:06,759 INFO  [LoginStepDefinition] New driver instantiated 
2019-08-08 14:41:11,387 INFO  [LoginStepDefinition] Click action performed on Login button of home page 
2019-08-08 14:41:41,081 INFO  [LoginStepDefinition] New driver instantiated 
2019-08-08 14:41:45,137 INFO  [LoginStepDefinition] Click action performed on Login button of home page 
2019-08-08 14:45:44,425 INFO  [LoginStepDefinition] New driver instantiated 
2019-08-08 14:45:51,098 INFO  [LoginStepDefinition] Click action performed on Login button of home page 
2019-08-08 14:47:22,197 INFO  [LoginStepDefinition] New driver instantiated 
2019-08-08 14:47:26,523 INFO  [LoginStepDefinition] Click action performed on Login button of home page 
2019-08-08 14:48:20,988 INFO  [LoginStepDefinition] New driver instantiated 
2019-08-08 14:48:27,960 INFO  [LoginStepDefinition] Click action performed on Login button of home page 
2019-08-08 14:55:53,207 INFO  [LoginStepDefinition] New driver instantiated 
2019-08-08 14:56:06,336 INFO  [LoginStepDefinition] Click action performed on Login button of home page 
2019-08-08 15:04:05,541 INFO  [LoginStepDefinition] New driver instantiated 
2019-08-08 15:04:15,376 INFO  [LoginStepDefinition] Click action performed on Login button of home page 
2019-08-09 16:36:53,272 INFO  [logs] driver instantiated 
2019-08-09 16:36:57,082 INFO  [logs] Chrome browser is launched 
2019-08-09 16:37:09,913 INFO  [logs] Application is Launched 
2019-08-09 16:47:28,955 INFO  [logs] driver instantiated 
2019-08-09 16:47:33,376 INFO  [logs] Chrome browser is launched 
2019-08-09 16:47:45,752 INFO  [logs] Application is Launched 
2019-08-12 09:53:41,470 INFO  [logs] driver instantiated 
2019-08-12 09:53:47,700 INFO  [logs] Chrome browser is launched 
2019-08-12 09:53:56,005 INFO  [logs] Application is Launched 
2019-08-12 09:54:24,376 INFO  [logs] driver instantiated 
2019-08-12 09:54:28,383 INFO  [logs] Chrome browser is launched 
2019-08-12 09:54:36,721 INFO  [logs] Application is Launched 
2019-08-12 15:00:33,426 INFO  [logs] driver instantiated 
2019-08-12 15:00:37,626 INFO  [logs] Chrome browser is launched 
2019-08-12 15:00:48,341 INFO  [logs] Application is Launched 
2019-08-21 17:00:16,368 INFO  [logs] The application is launched in the browser 
2019-08-21 17:00:16,607 INFO  [logs] The username is entered 
2019-08-21 17:00:16,756 INFO  [logs] The password is entered 
2019-08-21 17:00:16,906 INFO  [logs] The First user is logged into the application 
2019-08-21 17:00:17,287 INFO  [logs] The application is launched in the browser 
2019-08-21 17:00:17,899 INFO  [logs] The username is entered 
2019-08-21 17:00:18,093 INFO  [logs] The password is entered 
2019-08-21 17:00:23,202 INFO  [logs] The Second user is logged into the application 
2019-08-21 17:00:23,253 INFO  [logs] Control is switched back to UserA window 
2019-08-22 15:08:24,588 INFO  [logs] The application is launched in the browser 
2019-08-22 15:08:25,359 INFO  [logs] The username is entered 
2019-08-22 15:08:25,619 INFO  [logs] The password is entered 
2019-08-22 15:08:30,806 INFO  [logs] The Second user is logged into the application 
2019-08-22 15:09:36,604 INFO  [logs] The application is launched in the browser 
2019-08-22 15:09:37,406 INFO  [logs] The username is entered 
2019-08-22 15:09:37,625 INFO  [logs] The password is entered 
2019-08-22 15:09:42,851 INFO  [logs] The Second user is logged into the application 
2019-08-22 15:14:47,220 INFO  [logs] The application is launched in the browser 
2019-08-22 15:14:49,650 INFO  [logs] The username is entered 
2019-08-22 15:14:51,898 INFO  [logs] The password is entered 
2019-08-22 15:14:52,122 INFO  [logs] The First user is logged into the application 
2019-08-22 15:15:00,521 INFO  [logs] The application is launched in the browser 
2019-08-22 15:15:02,869 INFO  [logs] The username is entered 
2019-08-22 15:15:05,113 INFO  [logs] The password is entered 
2019-08-22 15:15:12,313 INFO  [logs] The Second user is logged into the application 
2019-08-22 15:15:12,409 INFO  [logs] Control is switched back to UserA window 
2019-08-22 15:20:02,147 INFO  [logs] The application is launched in the browser 
2019-08-22 15:20:04,612 INFO  [logs] The username is entered 
2019-08-22 15:20:06,902 INFO  [logs] The password is entered 
2019-08-22 15:20:09,093 INFO  [logs] The First user is logged into the application 
2019-08-22 15:20:17,431 INFO  [logs] The application is launched in the browser 
2019-08-22 15:20:19,777 INFO  [logs] The username is entered 
2019-08-22 15:20:22,040 INFO  [logs] The password is entered 
2019-08-22 15:20:29,229 INFO  [logs] The Second user is logged into the application 
2019-08-22 15:20:31,399 INFO  [logs] Control is switched back to UserA window 
2019-08-22 15:22:14,365 INFO  [logs] The application is launched in the browser 
2019-08-22 15:22:16,786 INFO  [logs] The username is entered 
2019-08-22 15:22:19,080 INFO  [logs] The password is entered 
2019-08-22 15:22:21,295 INFO  [logs] The First user is logged into the application 
2019-08-22 15:22:30,087 INFO  [logs] The application is launched in the browser 
2019-08-22 15:22:32,457 INFO  [logs] Control is switched back to UserA window 
2019-08-22 15:30:05,398 INFO  [logs] The application is launched in the browser 
2019-08-22 15:30:07,888 INFO  [logs] The username is entered 
2019-08-22 15:30:10,308 INFO  [logs] The password is entered 
2019-08-22 15:30:12,502 INFO  [logs] The First user is logged into the application 
2019-08-22 15:30:21,289 INFO  [logs] The application is launched in the browser 
2019-08-22 15:30:23,544 INFO  [logs] Control is switched back to UserA window 
2019-08-22 15:32:53,802 INFO  [logs] The application is launched in the browser 
2019-08-22 15:32:56,324 INFO  [logs] The username is entered 
2019-08-22 15:32:58,672 INFO  [logs] The password is entered 
2019-08-22 15:33:00,903 INFO  [logs] The First user is logged into the application 
2019-08-22 15:35:14,092 INFO  [logs] The application is launched in the browser 
2019-08-22 15:35:16,569 INFO  [logs] The username is entered 
2019-08-22 15:35:18,883 INFO  [logs] The password is entered 
2019-08-22 15:35:21,203 INFO  [logs] The First user is logged into the application 
2019-08-22 15:41:13,410 INFO  [logs] The application is launched in the browser 
2019-08-22 15:41:16,048 INFO  [logs] The username is entered 
2019-08-22 15:41:18,502 INFO  [logs] The password is entered 
2019-08-22 15:41:20,796 INFO  [logs] The First user is logged into the application 
2019-08-22 15:48:18,400 INFO  [logs] The application is launched in the browser 
2019-08-22 15:48:20,842 INFO  [logs] The username is entered 
2019-08-22 15:48:23,183 INFO  [logs] The password is entered 
2019-08-22 15:48:25,465 INFO  [logs] The First user is logged into the application 
2019-08-22 15:50:33,003 INFO  [logs] The application is launched in the browser 
2019-08-22 15:50:35,643 INFO  [logs] The username is entered 
2019-08-22 15:50:38,034 INFO  [logs] The password is entered 
2019-08-22 15:50:40,315 INFO  [logs] The First user is logged into the application 
2019-08-22 15:51:56,515 INFO  [logs] The application is launched in the browser 
2019-08-22 15:51:59,119 INFO  [logs] The username is entered 
2019-08-22 15:52:01,461 INFO  [logs] The password is entered 
2019-08-22 15:52:03,769 INFO  [logs] The First user is logged into the application 
2019-08-22 15:53:17,308 INFO  [logs] The application is launched in the browser 
2019-08-22 15:53:19,718 INFO  [logs] The username is entered 
2019-08-22 15:53:22,056 INFO  [logs] The password is entered 
2019-08-22 15:53:26,269 INFO  [logs] The First user is logged into the application 
2019-08-22 15:53:29,015 INFO  [logs] Seat Location Value is been entered 
2019-08-22 15:55:25,021 INFO  [logs] The application is launched in the browser 
2019-08-22 15:55:27,536 INFO  [logs] The username is entered 
2019-08-22 15:55:29,816 INFO  [logs] The password is entered 
2019-08-22 15:55:32,050 INFO  [logs] The First user is logged into the application 
2019-08-22 15:57:15,878 INFO  [logs] The application is launched in the browser 
2019-08-22 15:57:18,333 INFO  [logs] The username is entered 
2019-08-22 15:57:20,640 INFO  [logs] The password is entered 
2019-08-22 15:57:22,913 INFO  [logs] The First user is logged into the application 
2019-08-22 15:58:41,502 INFO  [logs] The application is launched in the browser 
2019-08-22 15:58:44,059 INFO  [logs] The username is entered 
2019-08-22 15:58:46,391 INFO  [logs] The password is entered 
2019-08-22 15:58:48,651 INFO  [logs] The First user is logged into the application 
2019-08-22 15:58:53,534 INFO  [logs] Seat Location Value is been entered 
2019-08-22 16:38:16,600 INFO  [logs] The application is launched in the browser 
2019-08-22 16:38:19,234 INFO  [logs] The username is entered 
2019-08-22 16:38:21,478 INFO  [logs] The password is entered 
2019-08-22 16:38:23,682 INFO  [logs] The First user is logged into the application 
2019-08-22 16:38:28,246 INFO  [logs] Seat Location Value is been entered 
2019-08-22 16:55:33,874 INFO  [logs] The application is launched in the browser 
2019-08-22 16:55:36,358 INFO  [logs] The username is entered 
2019-08-22 16:55:38,592 INFO  [logs] The password is entered 
2019-08-22 16:55:40,745 INFO  [logs] The First user is logged into the application 
2019-08-22 16:55:46,000 INFO  [logs] Seat Location Value is been entered 
2019-08-22 16:55:52,872 INFO  [logs] Contacts Icon clicked 
2019-08-22 16:55:55,229 INFO  [logs] Second user name is searched 
2019-08-22 17:35:34,338 INFO  [logs] The application is launched in the browser 
2019-08-22 17:35:36,662 INFO  [logs] The username is entered 
2019-08-22 17:35:38,887 INFO  [logs] The password is entered 
2019-08-22 17:35:41,043 INFO  [logs] The First user is logged into the application 
2019-08-22 17:35:46,358 INFO  [logs] Seat Location Value is been entered 
2019-08-22 17:35:52,971 INFO  [logs] Contacts Icon clicked 
2019-08-22 17:35:55,312 INFO  [logs] Second user name is searched 
2019-08-22 17:35:55,320 INFO  [logs] User B tab is opened 
2019-08-22 17:35:57,391 INFO  [logs] Application Launched in UserB 
2019-08-22 17:38:18,109 INFO  [logs] The application is launched in the browser 
2019-08-22 17:38:20,428 INFO  [logs] The username is entered 
2019-08-22 17:38:22,634 INFO  [logs] The password is entered 
2019-08-22 17:38:24,753 INFO  [logs] The First user is logged into the application 
2019-08-22 17:38:29,947 INFO  [logs] Seat Location Value is been entered 
2019-08-22 17:38:36,546 INFO  [logs] Contacts Icon clicked 
2019-08-22 17:38:38,890 INFO  [logs] Second user name is searched 
2019-08-22 17:38:40,893 INFO  [logs] User B tab is opened 
2019-08-22 17:38:42,949 INFO  [logs] Application Launched in UserB 
2019-08-22 17:41:36,863 INFO  [logs] The application is launched in the browser 
2019-08-22 17:41:39,159 INFO  [logs] The username is entered 
2019-08-22 17:41:41,374 INFO  [logs] The password is entered 
2019-08-22 17:41:43,504 INFO  [logs] The First user is logged into the application 
2019-08-22 17:41:48,688 INFO  [logs] Seat Location Value is been entered 
2019-08-22 17:41:55,393 INFO  [logs] Contacts Icon clicked 
2019-08-22 17:41:57,755 INFO  [logs] Second user name is searched 
2019-08-22 17:41:59,765 INFO  [logs] User B tab is opened 
2019-08-22 17:42:01,842 INFO  [logs] Application Launched in UserB 
2019-08-22 17:44:27,350 INFO  [logs] The application is launched in the browser 
2019-08-22 17:44:29,671 INFO  [logs] The username is entered 
2019-08-22 17:44:31,860 INFO  [logs] The password is entered 
2019-08-22 17:44:33,986 INFO  [logs] The First user is logged into the application 
2019-08-22 17:44:39,240 INFO  [logs] Seat Location Value is been entered 
2019-08-22 17:44:45,778 INFO  [logs] Contacts Icon clicked 
2019-08-22 17:44:48,154 INFO  [logs] Second user name is searched 
2019-08-22 17:44:50,163 INFO  [logs] User B tab is opened 
2019-08-22 17:44:52,247 INFO  [logs] Controlled is switched to UserB window 
2019-08-22 17:44:54,518 INFO  [logs] Application Launched in UserB 
2019-08-22 17:47:57,356 INFO  [logs] The application is launched in the browser 
2019-08-22 17:47:59,688 INFO  [logs] The username is entered 
2019-08-22 17:48:01,879 INFO  [logs] The password is entered 
2019-08-22 17:48:04,002 INFO  [logs] The First user is logged into the application 
2019-08-22 17:48:09,235 INFO  [logs] Seat Location Value is been entered 
2019-08-22 17:48:15,879 INFO  [logs] Contacts Icon clicked 
2019-08-22 17:48:18,220 INFO  [logs] Second user name is searched 
2019-08-22 17:48:20,223 INFO  [logs] User B tab is opened 
2019-08-22 17:48:22,289 INFO  [logs] Controller is switched to UserB window 
2019-08-22 17:48:24,493 INFO  [logs] Application Launched in UserB 
2019-08-22 17:50:45,076 INFO  [logs] The application is launched in the browser 
2019-08-22 17:50:47,397 INFO  [logs] The username is entered 
2019-08-22 17:50:49,604 INFO  [logs] The password is entered 
2019-08-22 17:50:51,740 INFO  [logs] The First user is logged into the application 
2019-08-22 17:50:57,117 INFO  [logs] Seat Location Value is been entered 
2019-08-22 17:51:03,683 INFO  [logs] Contacts Icon clicked 
2019-08-22 17:51:06,013 INFO  [logs] Second user name is searched 
2019-08-22 17:51:12,192 INFO  [logs] Application Launched in UserB 
2019-08-22 18:07:46,152 INFO  [logs] The application is launched in the browser 
2019-08-22 18:07:48,453 INFO  [logs] The username is entered 
2019-08-22 18:07:50,681 INFO  [logs] The password is entered 
2019-08-22 18:07:52,815 INFO  [logs] The First user is logged into the application 
2019-08-22 18:07:58,197 INFO  [logs] Seat Location Value is been entered 
2019-08-22 18:08:04,829 INFO  [logs] Contacts Icon clicked 
2019-08-22 18:08:07,193 INFO  [logs] Second user name is searched 
2019-08-22 18:08:11,271 INFO  [logs] Application Launched in UserB 
